<?xml version="1.0" encoding="UTF-8"?>
<testng-results skipped="0" failed="0" total="1" passed="1">
  <reporter-output>
  </reporter-output>
  <suite name="Default suite" duration-ms="50099" started-at="2020-04-08T14:30:14Z" finished-at="2020-04-08T14:31:04Z">
    <groups>
    </groups>
    <test name="Default test" duration-ms="50099" started-at="2020-04-08T14:30:14Z" finished-at="2020-04-08T14:31:04Z">
      <class name="OrangeHRM.testcases.SeleniumGridExampleUsingIOS">
        <test-method status="PASS" signature="testonIOS()[pri:0, instance:OrangeHRM.testcases.SeleniumGridExampleUsingIOS@25a65b77]" name="testonIOS" duration-ms="50080" started-at="2020-04-08T20:00:14Z" finished-at="2020-04-08T20:01:04Z">
          <reporter-output>
          </reporter-output>
        </test-method> <!-- testonIOS -->
      </class> <!-- OrangeHRM.testcases.SeleniumGridExampleUsingIOS -->
    </test> <!-- Default test -->
  </suite> <!-- Default suite -->
</testng-results>
