<?xml version="1.0" encoding="UTF-8"?>
<!-- Generated by org.testng.reporters.JUnitXMLReporter -->
<testsuite hostname="HIBAML55072" name="Test" tests="6" failures="0" timestamp="7 Apr 2020 14:39:10 GMT" time="45.162" errors="0">
  <testcase name="verifyBeforeLoginDetails" time="0.046" classname="OrangeHRM.testcases.LoginScenarios"/>
  <testcase name="verifyBeforeLoginDetails" time="0.018" classname="OrangeHRM.testcases.CreateUserFromAdmin"/>
  <testcase name="verifyAfterLoginDetails" time="5.005" classname="OrangeHRM.testcases.LoginScenarios"/>
  <testcase name="verifyAfterLoginDetails" time="10.964" classname="OrangeHRM.testcases.CreateUserFromAdmin"/>
  <testcase name="verifyLogoutDetails" time="2.923" classname="OrangeHRM.testcases.LoginScenarios"/>
  <testcase name="verifyUserAddition" time="6.287" classname="OrangeHRM.testcases.CreateUserFromAdmin"/>
</testsuite> <!-- Test -->
