<?xml version="1.0" encoding="UTF-8"?>
<!-- Generated by org.testng.reporters.JUnitXMLReporter -->
<testsuite hostname="HIBAML55072" name="Default test" tests="3" failures="0" timestamp="5 Apr 2020 12:35:07 GMT" time="19.41" errors="0">
  <testcase name="verifyBeforeLoginDetails" time="0.036" classname="OrangeHRM.testcases.LoginScenarios"/>
  <testcase name="verifyAfterLoginDetails" time="6.893" classname="OrangeHRM.testcases.LoginScenarios"/>
  <testcase name="verifyLogoutDetails" time="2.815" classname="OrangeHRM.testcases.LoginScenarios"/>
</testsuite> <!-- Default test -->
